-------------------------------------------------------------------------------
Test set: edu.udacity.java.nano.ApplicationTest
-------------------------------------------------------------------------------
Tests run: 4, Failures: 1, Errors: 0, Skipped: 0, Time elapsed: 3.973 s <<< FAILURE! - in edu.udacity.java.nano.ApplicationTest
chat(edu.udacity.java.nano.ApplicationTest)  Time elapsed: 0.018 s  <<< FAILURE!
java.lang.AssertionError: View name expected:<chadf> but was:<chat>
	at edu.udacity.java.nano.ApplicationTest.chat(ApplicationTest.java:41)

